2017-02-07 03:39:10,909 Initialized getting stop info by line!
2017-02-07 03:39:33,630 Done getting stop info by line!
2017-02-07 03:39:33,641 No changes in the coordinates file.
2017-02-07 03:39:33,642 Finished execution in 22.73375701904297s, downloaded 2617 stops
2017-02-07 03:42:20,837 Initialized getting stop info by line!
2017-02-07 03:42:23,050 Done getting stop info by line!
2017-02-07 03:42:23,063 Old stop removed: 
code: 1439
stopName: РЕЗИДЕНЦИЯ БОЯНА
 coordinates: [42.648630378945036, 23.271029395020463]
2017-02-07 03:42:23,063 Old stop removed: 
code: 1448
stopName: РЕЗИДЕНЦИЯ БОЯНА
 coordinates: [42.64889221850259, 23.270569580831943]
2017-02-07 03:42:23,063 Old stop removed: 
code: 1720
stopName: СЪДЕБНА ПАЛАТА
 coordinates: [42.695700931561014, 23.31915555203299]
2017-02-07 03:42:23,063 Old stop removed: 
code: 6234
stopName: КВ. МАНАСТИРСКИ ЛИВАДИ
 coordinates: [42.65766914303303, 23.28412397745541]
2017-02-07 03:42:23,063 New stop added: 
code: 6234
stopName: КВ. МАНАСТИРСКИ ЛИВАДИ
 coordinates: [42.65766784194929, 23.284116988256574]
2017-02-07 03:42:23,063 New stop added: 
code: 1439
stopName: РЕЗИДЕНЦИЯ БОЯНА
 coordinates: [42.648589437425585, 23.27021555884726]
2017-02-07 03:42:23,064 New stop added: 
code: 1448
stopName: РЕЗИДЕНЦИЯ БОЯНА
 coordinates: [42.648848653073905, 23.269583640420084]
2017-02-07 03:42:23,064 No changes in the coordinates file.
2017-02-07 03:42:23,064 Finished execution in 2.228316307067871s, downloaded 2617 stops
2017-02-07 03:45:36,024 Initialized getting stop info by line!
2017-02-07 03:46:00,193 Done getting stop info by line!
2017-02-07 03:46:00,211 Old stop removed: 
code: 1439 | stopName: РЕЗИДЕНЦИЯ БОЯНА | coordinates: [42.648630378945036, 23.271029395020463]
2017-02-07 03:46:00,211 Old stop removed: 
code: 1448 | stopName: РЕЗИДЕНЦИЯ БОЯНА | coordinates: [42.64889221850259, 23.270569580831943]
2017-02-07 03:46:00,215 Old stop removed: 
code: 1720 | stopName: СЪДЕБНА ПАЛАТА | coordinates: [42.695700931561014, 23.31915555203299]
2017-02-07 03:46:00,215 Old stop removed: 
code: 6234 | stopName: КВ. МАНАСТИРСКИ ЛИВАДИ | coordinates: [42.65766914303303, 23.28412397745541]
2017-02-07 03:46:00,216 New stop added: 
code: 6234 | stopName: КВ. МАНАСТИРСКИ ЛИВАДИ | coordinates: [42.65766784194929, 23.284116988256574]
2017-02-07 03:46:00,216 New stop added: 
code: 1439 | stopName: РЕЗИДЕНЦИЯ БОЯНА | coordinates: [42.648589437425585, 23.27021555884726]
2017-02-07 03:46:00,216 New stop added: 
code: 1448 | stopName: РЕЗИДЕНЦИЯ БОЯНА | coordinates: [42.648848653073905, 23.269583640420084]
2017-02-07 03:46:00,216 There are changes in the coordinates file!
2017-02-07 03:46:00,255 Finished execution in 24.23233699798584s, downloaded 2617 stops
